<?xml version="1.0" encoding="UTF-8"?>
<testsuite xmlns:xsi="http://www.w3.org/2001/XMLSchema-instance" xsi:noNamespaceSchemaLocation="https://maven.apache.org/surefire/maven-surefire-plugin/xsd/surefire-test-report.xsd" version="3.0.2" name="com.ta.BasicTest" time="0.187" tests="6" errors="0" skipped="0" failures="0">
  <properties>
[...]
</properties>
  <testcase name="testValidation" classname="com.ta.BasicTest" time="0.031"/>
  <testcase name="testUserCsv" classname="com.ta.BasicTest" time="0.0"/>
  <testcase name="testAdminHash" classname="com.ta.BasicTest" time="0.012"/>
  <testcase name="testJobCsv" classname="com.ta.BasicTest" time="0.015"/>
  <testcase name="testPasswordHash" classname="com.ta.BasicTest" time="0.006"/>
  <testcase name="testApplicationCsv" classname="com.ta.BasicTest" time="0.002"/>
</testsuite>